<?xml version="1.0" encoding="UTF-8"?>
<!-- Generated by org.testng.reporters.JUnitXMLReporter -->
<testsuite ignored="0" hostname="CTNL0089" failures="1" tests="1" name="Test" time="66.903" errors="0" timestamp="2023-05-12T10:29:28 IST">
  <testcase classname="KFCTest.KFCTest_MultiDevices2" name="MakeAnOrderWithoutLogin" time="21.457">
    <failure type="org.openqa.selenium.NoSuchElementException" message="An element could not be located on the page using the given search parameters.
For documentation on this error, please visit: https://www.seleniumhq.org/exceptions/no_such_element.html
Build info: version: &amp;apos;3.141.59&amp;apos;, revision: &amp;apos;e82be7d358&amp;apos;, time: &amp;apos;2018-11-14T08:17:03&amp;apos;
System info: host: &amp;apos;CTNL0089&amp;apos;, ip: &amp;apos;10.173.59.109&amp;apos;, os.name: &amp;apos;Windows 10&amp;apos;, os.arch: &amp;apos;amd64&amp;apos;, os.version: &amp;apos;10.0&amp;apos;, java.version: &amp;apos;15.0.2&amp;apos;
Driver info: io.appium.java_client.android.AndroidDriver
Capabilities {app: /opt/raid-data/data/userV2/..., appActivity: com.cognizantorderserv.kfci..., appPackage: com.yum.kfc, autoGrantPermissions: true, automationName: uiautomator2, databaseEnabled: false, desired: {app: /opt/raid-data/data/userV2/..., appActivity: com.cognizantorderserv.kfci..., appPackage: com.yum.kfc, autoGrantPermissions: true, automationName: uiautomator2, deviceName: 805, launchTimeout: 90000, newCommandTimeout: 600, pCloudy_ApiKey: xrm3kfqx5vgqddzczb3jm83m, pCloudy_ApplicationName: KFC_India.apk, pCloudy_DeviceFullName: GOOGLE_Pixel7Pro_Android_13..., pCloudy_DurationInMinutes: 7, pCloudy_EnableDeviceLogs: false, pCloudy_EnablePerformanceData: false, pCloudy_EnableVideo: true, pCloudy_Username: abhishek.dwivedi@crestechso..., pCloudy_WildNet: false, platformName: android, platformVersion: 13.0.0, systemPort: 30514}, deviceApiLevel: 33, deviceManufacturer: Google, deviceModel: Pixel 7 Pro, deviceName: 2B081FDH3003ZV, deviceScreenDensity: 420, deviceScreenSize: 1440x3120, deviceUDID: 2B081FDH3003ZV, javascriptEnabled: true, launchTimeout: 90000, locationContextEnabled: false, networkConnectionEnabled: true, newCommandTimeout: 600, pCloudy_ApiKey: xrm3kfqx5vgqddzczb3jm83m, pCloudy_ApplicationName: KFC_India.apk, pCloudy_DeviceFullName: GOOGLE_Pixel7Pro_Android_13..., pCloudy_DurationInMinutes: 7, pCloudy_EnableDeviceLogs: false, pCloudy_EnablePerformanceData: false, pCloudy_EnableVideo: true, pCloudy_Username: abhishek.dwivedi@crestechso..., pCloudy_WildNet: false, pixelRatio: 2.625, platform: LINUX, platformName: Android, platformVersion: 13, statBarHeight: 130, systemPort: 30514, takesScreenshot: true, viewportRect: {height: 2734, left: 0, top: 130, width: 1440}, warnings: {}, webStorageEnabled: false}
Session ID: 0d668405-84f3-4622-b225-ef7b89e51f02
*** Element info: {Using=accessibility id, value=Dine In}">
      <![CDATA[org.openqa.selenium.NoSuchElementException: An element could not be located on the page using the given search parameters.
For documentation on this error, please visit: https://www.seleniumhq.org/exceptions/no_such_element.html
Build info: version: '3.141.59', revision: 'e82be7d358', time: '2018-11-14T08:17:03'
System info: host: 'CTNL0089', ip: '10.173.59.109', os.name: 'Windows 10', os.arch: 'amd64', os.version: '10.0', java.version: '15.0.2'
Driver info: io.appium.java_client.android.AndroidDriver
Capabilities {app: /opt/raid-data/data/userV2/..., appActivity: com.cognizantorderserv.kfci..., appPackage: com.yum.kfc, autoGrantPermissions: true, automationName: uiautomator2, databaseEnabled: false, desired: {app: /opt/raid-data/data/userV2/..., appActivity: com.cognizantorderserv.kfci..., appPackage: com.yum.kfc, autoGrantPermissions: true, automationName: uiautomator2, deviceName: 805, launchTimeout: 90000, newCommandTimeout: 600, pCloudy_ApiKey: xrm3kfqx5vgqddzczb3jm83m, pCloudy_ApplicationName: KFC_India.apk, pCloudy_DeviceFullName: GOOGLE_Pixel7Pro_Android_13..., pCloudy_DurationInMinutes: 7, pCloudy_EnableDeviceLogs: false, pCloudy_EnablePerformanceData: false, pCloudy_EnableVideo: true, pCloudy_Username: abhishek.dwivedi@crestechso..., pCloudy_WildNet: false, platformName: android, platformVersion: 13.0.0, systemPort: 30514}, deviceApiLevel: 33, deviceManufacturer: Google, deviceModel: Pixel 7 Pro, deviceName: 2B081FDH3003ZV, deviceScreenDensity: 420, deviceScreenSize: 1440x3120, deviceUDID: 2B081FDH3003ZV, javascriptEnabled: true, launchTimeout: 90000, locationContextEnabled: false, networkConnectionEnabled: true, newCommandTimeout: 600, pCloudy_ApiKey: xrm3kfqx5vgqddzczb3jm83m, pCloudy_ApplicationName: KFC_India.apk, pCloudy_DeviceFullName: GOOGLE_Pixel7Pro_Android_13..., pCloudy_DurationInMinutes: 7, pCloudy_EnableDeviceLogs: false, pCloudy_EnablePerformanceData: false, pCloudy_EnableVideo: true, pCloudy_Username: abhishek.dwivedi@crestechso..., pCloudy_WildNet: false, pixelRatio: 2.625, platform: LINUX, platformName: Android, platformVersion: 13, statBarHeight: 130, systemPort: 30514, takesScreenshot: true, viewportRect: {height: 2734, left: 0, top: 130, width: 1440}, warnings: {}, webStorageEnabled: false}
Session ID: 0d668405-84f3-4622-b225-ef7b89e51f02
*** Element info: {Using=accessibility id, value=Dine In}
at org.openqa.selenium.remote.http.W3CHttpResponseCodec.createException(W3CHttpResponseCodec.java:187)
at org.openqa.selenium.remote.http.W3CHttpResponseCodec.decode(W3CHttpResponseCodec.java:122)
at org.openqa.selenium.remote.http.W3CHttpResponseCodec.decode(W3CHttpResponseCodec.java:49)
at org.openqa.selenium.remote.HttpCommandExecutor.execute(HttpCommandExecutor.java:158)
at io.appium.java_client.remote.AppiumCommandExecutor.execute(AppiumCommandExecutor.java:239)
at org.openqa.selenium.remote.RemoteWebDriver.execute(RemoteWebDriver.java:552)
at io.appium.java_client.DefaultGenericMobileDriver.execute(DefaultGenericMobileDriver.java:41)
at io.appium.java_client.AppiumDriver.execute(AppiumDriver.java:1)
at io.appium.java_client.android.AndroidDriver.execute(AndroidDriver.java:1)
at org.openqa.selenium.remote.RemoteWebDriver.findElement(RemoteWebDriver.java:323)
at io.appium.java_client.DefaultGenericMobileDriver.findElement(DefaultGenericMobileDriver.java:61)
at io.appium.java_client.AppiumDriver.findElement(AppiumDriver.java:1)
at io.appium.java_client.android.AndroidDriver.findElement(AndroidDriver.java:1)
at io.appium.java_client.FindsByAccessibilityId.findElementByAccessibilityId(FindsByAccessibilityId.java:37)
at KFCTest.KFCTest_MultiDevices2.MakeAnOrderWithoutLogin(KFCTest_MultiDevices2.java:137)
at java.base/java.util.ArrayList.forEach(ArrayList.java:1511)
at java.base/java.util.concurrent.FutureTask.run(FutureTask.java:264)
at java.base/java.util.concurrent.ThreadPoolExecutor.runWorker(ThreadPoolExecutor.java:1130)
at java.base/java.util.concurrent.ThreadPoolExecutor$Worker.run(ThreadPoolExecutor.java:630)
at java.base/java.lang.Thread.run(Thread.java:832)
... Removed 23 stack frames]]>
    </failure>
  </testcase> <!-- MakeAnOrderWithoutLogin -->
</testsuite> <!-- Test -->
